{"/Users/user/Practice/WATA/Sliceopolis/src/app.js": {"path":"/Users/user/Practice/WATA/Sliceopolis/src/app.js","statementMap":{"0":{"start":{"line":1,"column":16},"end":{"line":1,"column":34}},"1":{"start":{"line":2,"column":21},"end":{"line":2,"column":45}},"2":{"start":{"line":3,"column":19},"end":{"line":3,"column":41}},"3":{"start":{"line":4,"column":13},"end":{"line":4,"column":28}},"4":{"start":{"line":5,"column":12},"end":{"line":5,"column":21}},"5":{"start":{"line":6,"column":11},"end":{"line":6,"column":34}},"6":{"start":{"line":7,"column":15},"end":{"line":7,"column":40}},"7":{"start":{"line":8,"column":21},"end":{"line":8,"column":54}},"8":{"start":{"line":9,"column":15},"end":{"line":9,"column":42}},"9":{"start":{"line":10,"column":0},"end":{"line":10,"column":27}},"10":{"start":{"line":12,"column":0},"end":{"line":12,"column":15}},"11":{"start":{"line":14,"column":0},"end":{"line":14,"column":51}},"12":{"start":{"line":15,"column":0},"end":{"line":15,"column":24}},"13":{"start":{"line":16,"column":0},"end":{"line":16,"column":27}},"14":{"start":{"line":17,"column":0},"end":{"line":17,"column":49}},"15":{"start":{"line":18,"column":0},"end":{"line":18,"column":24}},"16":{"start":{"line":20,"column":0},"end":{"line":20,"column":12}},"17":{"start":{"line":22,"column":0},"end":{"line":22,"column":34}},"18":{"start":{"line":30,"column":0},"end":{"line":30,"column":22}},"19":{"start":{"line":32,"column":0},"end":{"line":32,"column":21}}},"fnMap":{},"branchMap":{},"s":{"0":1,"1":1,"2":1,"3":1,"4":1,"5":1,"6":1,"7":1,"8":1,"9":1,"10":1,"11":1,"12":1,"13":1,"14":1,"15":1,"16":1,"17":1,"18":1,"19":1},"f":{},"b":{},"_coverageSchema":"1a1c01bbd47fc00a2c39e90264f33305004495a9","hash":"25d0483a792bf7c22f4526c964ddd19500689afc"}
,"/Users/user/Practice/WATA/Sliceopolis/src/common/error.response.js": {"path":"/Users/user/Practice/WATA/Sliceopolis/src/common/error.response.js","statementMap":{"0":{"start":{"line":1,"column":39},"end":{"line":1,"column":69}},"1":{"start":{"line":5,"column":4},"end":{"line":5,"column":18}},"2":{"start":{"line":6,"column":4},"end":{"line":6,"column":20}},"3":{"start":{"line":7,"column":4},"end":{"line":7,"column":24}},"4":{"start":{"line":13,"column":4},"end":{"line":13,"column":24}},"5":{"start":{"line":19,"column":4},"end":{"line":19,"column":24}},"6":{"start":{"line":25,"column":4},"end":{"line":25,"column":24}},"7":{"start":{"line":31,"column":4},"end":{"line":31,"column":24}},"8":{"start":{"line":37,"column":4},"end":{"line":37,"column":24}},"9":{"start":{"line":43,"column":4},"end":{"line":43,"column":32}},"10":{"start":{"line":47,"column":0},"end":{"line":55,"column":1}}},"fnMap":{"0":{"name":"(anonymous_0)","decl":{"start":{"line":4,"column":2},"end":{"line":4,"column":3}},"loc":{"start":{"line":4,"column":117},"end":{"line":8,"column":3}},"line":4},"1":{"name":"(anonymous_1)","decl":{"start":{"line":12,"column":2},"end":{"line":12,"column":3}},"loc":{"start":{"line":12,"column":78},"end":{"line":14,"column":3}},"line":12},"2":{"name":"(anonymous_2)","decl":{"start":{"line":18,"column":2},"end":{"line":18,"column":3}},"loc":{"start":{"line":18,"column":76},"end":{"line":20,"column":3}},"line":18},"3":{"name":"(anonymous_3)","decl":{"start":{"line":24,"column":2},"end":{"line":24,"column":3}},"loc":{"start":{"line":24,"column":84},"end":{"line":26,"column":3}},"line":24},"4":{"name":"(anonymous_4)","decl":{"start":{"line":30,"column":2},"end":{"line":30,"column":3}},"loc":{"start":{"line":30,"column":79},"end":{"line":32,"column":3}},"line":30},"5":{"name":"(anonymous_5)","decl":{"start":{"line":36,"column":2},"end":{"line":36,"column":3}},"loc":{"start":{"line":36,"column":84},"end":{"line":38,"column":3}},"line":36},"6":{"name":"(anonymous_6)","decl":{"start":{"line":42,"column":2},"end":{"line":42,"column":3}},"loc":{"start":{"line":42,"column":114},"end":{"line":44,"column":3}},"line":42}},"branchMap":{"0":{"loc":{"start":{"line":4,"column":14},"end":{"line":4,"column":59}},"type":"default-arg","locations":[{"start":{"line":4,"column":24},"end":{"line":4,"column":59}}],"line":4},"1":{"loc":{"start":{"line":4,"column":61},"end":{"line":4,"column":101}},"type":"default-arg","locations":[{"start":{"line":4,"column":68},"end":{"line":4,"column":101}}],"line":4},"2":{"loc":{"start":{"line":4,"column":103},"end":{"line":4,"column":116}},"type":"default-arg","locations":[{"start":{"line":4,"column":112},"end":{"line":4,"column":116}}],"line":4},"3":{"loc":{"start":{"line":12,"column":14},"end":{"line":12,"column":47}},"type":"default-arg","locations":[{"start":{"line":12,"column":24},"end":{"line":12,"column":47}}],"line":12},"4":{"loc":{"start":{"line":12,"column":49},"end":{"line":12,"column":77}},"type":"default-arg","locations":[{"start":{"line":12,"column":56},"end":{"line":12,"column":77}}],"line":12},"5":{"loc":{"start":{"line":18,"column":14},"end":{"line":18,"column":46}},"type":"default-arg","locations":[{"start":{"line":18,"column":24},"end":{"line":18,"column":46}}],"line":18},"6":{"loc":{"start":{"line":18,"column":48},"end":{"line":18,"column":75}},"type":"default-arg","locations":[{"start":{"line":18,"column":55},"end":{"line":18,"column":75}}],"line":18},"7":{"loc":{"start":{"line":24,"column":14},"end":{"line":24,"column":50}},"type":"default-arg","locations":[{"start":{"line":24,"column":24},"end":{"line":24,"column":50}}],"line":24},"8":{"loc":{"start":{"line":24,"column":52},"end":{"line":24,"column":83}},"type":"default-arg","locations":[{"start":{"line":24,"column":59},"end":{"line":24,"column":83}}],"line":24},"9":{"loc":{"start":{"line":30,"column":14},"end":{"line":30,"column":47}},"type":"default-arg","locations":[{"start":{"line":30,"column":24},"end":{"line":30,"column":47}}],"line":30},"10":{"loc":{"start":{"line":30,"column":49},"end":{"line":30,"column":77}},"type":"default-arg","locations":[{"start":{"line":30,"column":56},"end":{"line":30,"column":77}}],"line":30},"11":{"loc":{"start":{"line":36,"column":14},"end":{"line":36,"column":50}},"type":"default-arg","locations":[{"start":{"line":36,"column":24},"end":{"line":36,"column":50}}],"line":36},"12":{"loc":{"start":{"line":36,"column":52},"end":{"line":36,"column":82}},"type":"default-arg","locations":[{"start":{"line":36,"column":59},"end":{"line":36,"column":82}}],"line":36},"13":{"loc":{"start":{"line":42,"column":14},"end":{"line":42,"column":25}},"type":"default-arg","locations":[{"start":{"line":42,"column":23},"end":{"line":42,"column":25}}],"line":42},"14":{"loc":{"start":{"line":42,"column":27},"end":{"line":42,"column":71}},"type":"default-arg","locations":[{"start":{"line":42,"column":37},"end":{"line":42,"column":71}}],"line":42},"15":{"loc":{"start":{"line":42,"column":73},"end":{"line":42,"column":112}},"type":"default-arg","locations":[{"start":{"line":42,"column":80},"end":{"line":42,"column":112}}],"line":42}},"s":{"0":1,"1":0,"2":0,"3":0,"4":0,"5":0,"6":0,"7":0,"8":0,"9":0,"10":1},"f":{"0":0,"1":0,"2":0,"3":0,"4":0,"5":0,"6":0},"b":{"0":[0],"1":[0],"2":[0],"3":[0],"4":[0],"5":[0],"6":[0],"7":[0],"8":[0],"9":[0],"10":[0],"11":[0],"12":[0],"13":[0],"14":[0],"15":[0]},"_coverageSchema":"1a1c01bbd47fc00a2c39e90264f33305004495a9","hash":"1698dedabde21bd144399b3b6683816810bdde1c"}
,"/Users/user/Practice/WATA/Sliceopolis/src/configs/db/index.js": {"path":"/Users/user/Practice/WATA/Sliceopolis/src/configs/db/index.js","statementMap":{"0":{"start":{"line":1,"column":17},"end":{"line":1,"column":36}},"1":{"start":{"line":2,"column":0},"end":{"line":2,"column":27}},"2":{"start":{"line":4,"column":12},"end":{"line":4,"column":35}},"3":{"start":{"line":6,"column":18},"end":{"line":14,"column":1}},"4":{"start":{"line":7,"column":4},"end":{"line":13,"column":5}},"5":{"start":{"line":8,"column":8},"end":{"line":8,"column":36}},"6":{"start":{"line":11,"column":8},"end":{"line":11,"column":27}},"7":{"start":{"line":12,"column":8},"end":{"line":12,"column":24}},"8":{"start":{"line":15,"column":16},"end":{"line":23,"column":1}},"9":{"start":{"line":16,"column":4},"end":{"line":22,"column":5}},"10":{"start":{"line":17,"column":8},"end":{"line":17,"column":42}},"11":{"start":{"line":20,"column":8},"end":{"line":20,"column":66}},"12":{"start":{"line":21,"column":8},"end":{"line":21,"column":24}},"13":{"start":{"line":25,"column":0},"end":{"line":25,"column":40}}},"fnMap":{"0":{"name":"(anonymous_0)","decl":{"start":{"line":6,"column":18},"end":{"line":6,"column":19}},"loc":{"start":{"line":6,"column":30},"end":{"line":14,"column":1}},"line":6},"1":{"name":"(anonymous_1)","decl":{"start":{"line":15,"column":16},"end":{"line":15,"column":17}},"loc":{"start":{"line":15,"column":28},"end":{"line":23,"column":1}},"line":15}},"branchMap":{},"s":{"0":1,"1":1,"2":1,"3":1,"4":2,"5":2,"6":0,"7":0,"8":1,"9":1,"10":1,"11":0,"12":0,"13":1},"f":{"0":2,"1":1},"b":{},"_coverageSchema":"1a1c01bbd47fc00a2c39e90264f33305004495a9","hash":"1ea190279e52d000bcb24d249831127311e5032a"}
,"/Users/user/Practice/WATA/Sliceopolis/src/controllers/auth.controller.js": {"path":"/Users/user/Practice/WATA/Sliceopolis/src/controllers/auth.controller.js","statementMap":{"0":{"start":{"line":1,"column":13},"end":{"line":1,"column":48}},"1":{"start":{"line":2,"column":13},"end":{"line":2,"column":48}},"2":{"start":{"line":4,"column":15},"end":{"line":25,"column":1}},"3":{"start":{"line":5,"column":4},"end":{"line":24,"column":5}},"4":{"start":{"line":6,"column":64},"end":{"line":6,"column":72}},"5":{"start":{"line":8,"column":8},"end":{"line":10,"column":9}},"6":{"start":{"line":9,"column":12},"end":{"line":9,"column":76}},"7":{"start":{"line":11,"column":8},"end":{"line":13,"column":9}},"8":{"start":{"line":12,"column":12},"end":{"line":12,"column":60}},"9":{"start":{"line":14,"column":19},"end":{"line":14,"column":57}},"10":{"start":{"line":15,"column":8},"end":{"line":17,"column":9}},"11":{"start":{"line":16,"column":12},"end":{"line":16,"column":51}},"12":{"start":{"line":18,"column":8},"end":{"line":18,"column":47}},"13":{"start":{"line":19,"column":8},"end":{"line":19,"column":81}},"14":{"start":{"line":20,"column":8},"end":{"line":20,"column":78}},"15":{"start":{"line":22,"column":8},"end":{"line":22,"column":80}},"16":{"start":{"line":23,"column":8},"end":{"line":23,"column":20}},"17":{"start":{"line":27,"column":14},"end":{"line":46,"column":1}},"18":{"start":{"line":28,"column":4},"end":{"line":45,"column":5}},"19":{"start":{"line":29,"column":40},"end":{"line":29,"column":48}},"20":{"start":{"line":30,"column":21},"end":{"line":30,"column":59}},"21":{"start":{"line":31,"column":8},"end":{"line":33,"column":9}},"22":{"start":{"line":32,"column":12},"end":{"line":32,"column":46}},"23":{"start":{"line":34,"column":24},"end":{"line":34,"column":68}},"24":{"start":{"line":35,"column":8},"end":{"line":37,"column":9}},"25":{"start":{"line":36,"column":12},"end":{"line":36,"column":46}},"26":{"start":{"line":38,"column":22},"end":{"line":38,"column":46}},"27":{"start":{"line":39,"column":8},"end":{"line":39,"column":71}},"28":{"start":{"line":40,"column":8},"end":{"line":40,"column":80}},"29":{"start":{"line":41,"column":8},"end":{"line":41,"column":71}},"30":{"start":{"line":43,"column":8},"end":{"line":43,"column":80}},"31":{"start":{"line":44,"column":8},"end":{"line":44,"column":20}},"32":{"start":{"line":48,"column":0},"end":{"line":48,"column":35}}},"fnMap":{"0":{"name":"(anonymous_0)","decl":{"start":{"line":4,"column":15},"end":{"line":4,"column":16}},"loc":{"start":{"line":4,"column":41},"end":{"line":25,"column":1}},"line":4},"1":{"name":"(anonymous_1)","decl":{"start":{"line":27,"column":14},"end":{"line":27,"column":15}},"loc":{"start":{"line":27,"column":40},"end":{"line":46,"column":1}},"line":27}},"branchMap":{"0":{"loc":{"start":{"line":8,"column":8},"end":{"line":10,"column":9}},"type":"if","locations":[{"start":{"line":8,"column":8},"end":{"line":10,"column":9}},{"start":{},"end":{}}],"line":8},"1":{"loc":{"start":{"line":11,"column":8},"end":{"line":13,"column":9}},"type":"if","locations":[{"start":{"line":11,"column":8},"end":{"line":13,"column":9}},{"start":{},"end":{}}],"line":11},"2":{"loc":{"start":{"line":15,"column":8},"end":{"line":17,"column":9}},"type":"if","locations":[{"start":{"line":15,"column":8},"end":{"line":17,"column":9}},{"start":{},"end":{}}],"line":15},"3":{"loc":{"start":{"line":31,"column":8},"end":{"line":33,"column":9}},"type":"if","locations":[{"start":{"line":31,"column":8},"end":{"line":33,"column":9}},{"start":{},"end":{}}],"line":31},"4":{"loc":{"start":{"line":35,"column":8},"end":{"line":37,"column":9}},"type":"if","locations":[{"start":{"line":35,"column":8},"end":{"line":37,"column":9}},{"start":{},"end":{}}],"line":35}},"s":{"0":1,"1":1,"2":1,"3":0,"4":0,"5":0,"6":0,"7":0,"8":0,"9":0,"10":0,"11":0,"12":0,"13":0,"14":0,"15":0,"16":0,"17":1,"18":0,"19":0,"20":0,"21":0,"22":0,"23":0,"24":0,"25":0,"26":0,"27":0,"28":0,"29":0,"30":0,"31":0,"32":1},"f":{"0":0,"1":0},"b":{"0":[0,0],"1":[0,0],"2":[0,0],"3":[0,0],"4":[0,0]},"_coverageSchema":"1a1c01bbd47fc00a2c39e90264f33305004495a9","hash":"248c8f0c9bb7b1a7e8c42829aafbb4ad9358587c"}
,"/Users/user/Practice/WATA/Sliceopolis/src/controllers/home.controller.js": {"path":"/Users/user/Practice/WATA/Sliceopolis/src/controllers/home.controller.js","statementMap":{"0":{"start":{"line":1,"column":0},"end":{"line":4,"column":2}},"1":{"start":{"line":2,"column":4},"end":{"line":2,"column":25}},"2":{"start":{"line":3,"column":4},"end":{"line":3,"column":40}},"3":{"start":{"line":6,"column":0},"end":{"line":8,"column":2}},"4":{"start":{"line":7,"column":4},"end":{"line":7,"column":29}}},"fnMap":{"0":{"name":"(anonymous_0)","decl":{"start":{"line":1,"column":15},"end":{"line":1,"column":16}},"loc":{"start":{"line":1,"column":35},"end":{"line":4,"column":1}},"line":1},"1":{"name":"(anonymous_1)","decl":{"start":{"line":6,"column":16},"end":{"line":6,"column":17}},"loc":{"start":{"line":6,"column":36},"end":{"line":8,"column":1}},"line":6}},"branchMap":{},"s":{"0":1,"1":0,"2":0,"3":1,"4":0},"f":{"0":0,"1":0},"b":{},"_coverageSchema":"1a1c01bbd47fc00a2c39e90264f33305004495a9","hash":"621b2dd35ba36d0bf0580fc010d80957016236d6"}
,"/Users/user/Practice/WATA/Sliceopolis/src/controllers/models.controller.js": {"path":"/Users/user/Practice/WATA/Sliceopolis/src/controllers/models.controller.js","statementMap":{"0":{"start":{"line":1,"column":16},"end":{"line":1,"column":44}},"1":{"start":{"line":2,"column":14},"end":{"line":2,"column":40}},"2":{"start":{"line":3,"column":16},"end":{"line":3,"column":44}},"3":{"start":{"line":5,"column":13},"end":{"line":5,"column":38}}},"fnMap":{},"branchMap":{},"s":{"0":1,"1":1,"2":1,"3":1},"f":{},"b":{},"_coverageSchema":"1a1c01bbd47fc00a2c39e90264f33305004495a9","hash":"b19241c3ad2eb80e9d1f5896135b5a2be480376c"}
,"/Users/user/Practice/WATA/Sliceopolis/src/controllers/product.controller.js": {"path":"/Users/user/Practice/WATA/Sliceopolis/src/controllers/product.controller.js","statementMap":{"0":{"start":{"line":1,"column":18},"end":{"line":1,"column":37}},"1":{"start":{"line":2,"column":23},"end":{"line":2,"column":61}},"2":{"start":{"line":4,"column":22},"end":{"line":11,"column":1}},"3":{"start":{"line":5,"column":4},"end":{"line":10,"column":5}},"4":{"start":{"line":6,"column":21},"end":{"line":6,"column":57}},"5":{"start":{"line":7,"column":8},"end":{"line":7,"column":30}},"6":{"start":{"line":9,"column":8},"end":{"line":9,"column":49}},"7":{"start":{"line":13,"column":23},"end":{"line":25,"column":1}},"8":{"start":{"line":14,"column":4},"end":{"line":24,"column":5}},"9":{"start":{"line":15,"column":23},"end":{"line":15,"column":33}},"10":{"start":{"line":16,"column":8},"end":{"line":16,"column":33}},"11":{"start":{"line":17,"column":21},"end":{"line":17,"column":60}},"12":{"start":{"line":18,"column":8},"end":{"line":20,"column":9}},"13":{"start":{"line":19,"column":12},"end":{"line":19,"column":53}},"14":{"start":{"line":21,"column":8},"end":{"line":21,"column":30}},"15":{"start":{"line":23,"column":8},"end":{"line":23,"column":20}},"16":{"start":{"line":27,"column":0},"end":{"line":27,"column":51}}},"fnMap":{"0":{"name":"(anonymous_0)","decl":{"start":{"line":4,"column":22},"end":{"line":4,"column":23}},"loc":{"start":{"line":4,"column":48},"end":{"line":11,"column":1}},"line":4},"1":{"name":"(anonymous_1)","decl":{"start":{"line":13,"column":23},"end":{"line":13,"column":24}},"loc":{"start":{"line":13,"column":49},"end":{"line":25,"column":1}},"line":13}},"branchMap":{"0":{"loc":{"start":{"line":18,"column":8},"end":{"line":20,"column":9}},"type":"if","locations":[{"start":{"line":18,"column":8},"end":{"line":20,"column":9}},{"start":{},"end":{}}],"line":18}},"s":{"0":1,"1":1,"2":1,"3":3,"4":3,"5":2,"6":1,"7":1,"8":2,"9":2,"10":2,"11":2,"12":2,"13":1,"14":1,"15":0,"16":1},"f":{"0":3,"1":2},"b":{"0":[1,1]},"_coverageSchema":"1a1c01bbd47fc00a2c39e90264f33305004495a9","hash":"d68065c3cf3f7279eb2b5159a053f5fde269d488"}
,"/Users/user/Practice/WATA/Sliceopolis/src/controllers/voucher.controller.js": {"path":"/Users/user/Practice/WATA/Sliceopolis/src/controllers/voucher.controller.js","statementMap":{"0":{"start":{"line":1,"column":18},"end":{"line":1,"column":37}},"1":{"start":{"line":2,"column":23},"end":{"line":2,"column":61}},"2":{"start":{"line":4,"column":23},"end":{"line":13,"column":1}},"3":{"start":{"line":5,"column":4},"end":{"line":12,"column":5}},"4":{"start":{"line":6,"column":23},"end":{"line":6,"column":33}},"5":{"start":{"line":7,"column":21},"end":{"line":7,"column":60}},"6":{"start":{"line":8,"column":8},"end":{"line":8,"column":30}},"7":{"start":{"line":10,"column":8},"end":{"line":10,"column":31}},"8":{"start":{"line":11,"column":8},"end":{"line":11,"column":20}},"9":{"start":{"line":15,"column":0},"end":{"line":15,"column":36}}},"fnMap":{"0":{"name":"(anonymous_0)","decl":{"start":{"line":4,"column":23},"end":{"line":4,"column":24}},"loc":{"start":{"line":4,"column":49},"end":{"line":13,"column":1}},"line":4}},"branchMap":{},"s":{"0":1,"1":1,"2":1,"3":0,"4":0,"5":0,"6":0,"7":0,"8":0,"9":1},"f":{"0":0},"b":{},"_coverageSchema":"1a1c01bbd47fc00a2c39e90264f33305004495a9","hash":"ef7070857ea3ba8ffeb0e39b31d000c6a2f0a1ca"}
,"/Users/user/Practice/WATA/Sliceopolis/src/helpers/errorHandler.js": {"path":"/Users/user/Practice/WATA/Sliceopolis/src/helpers/errorHandler.js","statementMap":{"0":{"start":{"line":2,"column":14},"end":{"line":2,"column":30}},"1":{"start":{"line":3,"column":26},"end":{"line":3,"column":61}},"2":{"start":{"line":4,"column":13},"end":{"line":4,"column":37}},"3":{"start":{"line":6,"column":0},"end":{"line":37,"column":2}},"4":{"start":{"line":8,"column":4},"end":{"line":11,"column":7}},"5":{"start":{"line":14,"column":4},"end":{"line":23,"column":5}},"6":{"start":{"line":16,"column":8},"end":{"line":16,"column":50}},"7":{"start":{"line":18,"column":8},"end":{"line":22,"column":10}},"8":{"start":{"line":26,"column":17},"end":{"line":26,"column":27}},"9":{"start":{"line":27,"column":20},"end":{"line":27,"column":33}},"10":{"start":{"line":28,"column":19},"end":{"line":28,"column":31}},"11":{"start":{"line":31,"column":4},"end":{"line":36,"column":7}}},"fnMap":{"0":{"name":"(anonymous_0)","decl":{"start":{"line":6,"column":17},"end":{"line":6,"column":18}},"loc":{"start":{"line":6,"column":44},"end":{"line":37,"column":1}},"line":6}},"branchMap":{"0":{"loc":{"start":{"line":10,"column":16},"end":{"line":10,"column":35}},"type":"binary-expr","locations":[{"start":{"line":10,"column":16},"end":{"line":10,"column":28}},{"start":{"line":10,"column":32},"end":{"line":10,"column":35}}],"line":10},"1":{"loc":{"start":{"line":14,"column":4},"end":{"line":23,"column":5}},"type":"if","locations":[{"start":{"line":14,"column":4},"end":{"line":23,"column":5}},{"start":{},"end":{}}],"line":14}},"s":{"0":1,"1":1,"2":1,"3":1,"4":0,"5":0,"6":0,"7":0,"8":0,"9":0,"10":0,"11":0},"f":{"0":0},"b":{"0":[0,0],"1":[0,0]},"_coverageSchema":"1a1c01bbd47fc00a2c39e90264f33305004495a9","hash":"cd0d8125eab0c50f0e79db99c7125a86c4a1ae22"}
,"/Users/user/Practice/WATA/Sliceopolis/src/helpers/logger.js": {"path":"/Users/user/Practice/WATA/Sliceopolis/src/helpers/logger.js","statementMap":{"0":{"start":{"line":1,"column":13},"end":{"line":1,"column":28}},"1":{"start":{"line":2,"column":16},"end":{"line":2,"column":34}},"2":{"start":{"line":3,"column":13},"end":{"line":3,"column":28}},"3":{"start":{"line":4,"column":11},"end":{"line":4,"column":33}},"4":{"start":{"line":6,"column":0},"end":{"line":6,"column":37}},"5":{"start":{"line":11,"column":8},"end":{"line":25,"column":11}},"6":{"start":{"line":17,"column":31},"end":{"line":17,"column":49}},"7":{"start":{"line":18,"column":41},"end":{"line":18,"column":74}},"8":{"start":{"line":19,"column":39},"end":{"line":19,"column":70}},"9":{"start":{"line":20,"column":20},"end":{"line":20,"column":197}},"10":{"start":{"line":30,"column":0},"end":{"line":30,"column":30}}},"fnMap":{"0":{"name":"(anonymous_0)","decl":{"start":{"line":9,"column":4},"end":{"line":9,"column":5}},"loc":{"start":{"line":9,"column":18},"end":{"line":26,"column":5}},"line":9},"1":{"name":"(anonymous_1)","decl":{"start":{"line":15,"column":38},"end":{"line":15,"column":39}},"loc":{"start":{"line":15,"column":48},"end":{"line":21,"column":17}},"line":15}},"branchMap":{"0":{"loc":{"start":{"line":18,"column":56},"end":{"line":18,"column":73}},"type":"binary-expr","locations":[{"start":{"line":18,"column":56},"end":{"line":18,"column":67}},{"start":{"line":18,"column":71},"end":{"line":18,"column":73}}],"line":18},"1":{"loc":{"start":{"line":19,"column":54},"end":{"line":19,"column":69}},"type":"binary-expr","locations":[{"start":{"line":19,"column":54},"end":{"line":19,"column":63}},{"start":{"line":19,"column":67},"end":{"line":19,"column":69}}],"line":19}},"s":{"0":1,"1":1,"2":1,"3":1,"4":1,"5":1,"6":0,"7":0,"8":0,"9":0,"10":1},"f":{"0":1,"1":0},"b":{"0":[0,0],"1":[0,0]},"_coverageSchema":"1a1c01bbd47fc00a2c39e90264f33305004495a9","hash":"63d75f60ffd2ab64140934a531c7202695c8e137"}
,"/Users/user/Practice/WATA/Sliceopolis/src/models/Product.js": {"path":"/Users/user/Practice/WATA/Sliceopolis/src/models/Product.js","statementMap":{"0":{"start":{"line":1,"column":17},"end":{"line":1,"column":36}},"1":{"start":{"line":2,"column":19},"end":{"line":2,"column":37}},"2":{"start":{"line":3,"column":15},"end":{"line":3,"column":30}},"3":{"start":{"line":4,"column":17},"end":{"line":4,"column":32}},"4":{"start":{"line":6,"column":16},"end":{"line":40,"column":2}},"5":{"start":{"line":42,"column":0},"end":{"line":42,"column":52}}},"fnMap":{},"branchMap":{},"s":{"0":1,"1":1,"2":1,"3":1,"4":1,"5":1},"f":{},"b":{},"_coverageSchema":"1a1c01bbd47fc00a2c39e90264f33305004495a9","hash":"c699e9fc9b96cb44cbb251aa70a279cbd3b6a307"}
,"/Users/user/Practice/WATA/Sliceopolis/src/models/Store.js": {"path":"/Users/user/Practice/WATA/Sliceopolis/src/models/Store.js","statementMap":{"0":{"start":{"line":1,"column":17},"end":{"line":1,"column":36}},"1":{"start":{"line":2,"column":19},"end":{"line":2,"column":37}},"2":{"start":{"line":3,"column":15},"end":{"line":3,"column":30}},"3":{"start":{"line":4,"column":17},"end":{"line":4,"column":32}},"4":{"start":{"line":7,"column":14},"end":{"line":18,"column":2}},"5":{"start":{"line":20,"column":0},"end":{"line":20,"column":48}}},"fnMap":{},"branchMap":{},"s":{"0":1,"1":1,"2":1,"3":1,"4":1,"5":1},"f":{},"b":{},"_coverageSchema":"1a1c01bbd47fc00a2c39e90264f33305004495a9","hash":"84b8319766ad1e11853a0d7a0fa6419c7d83d4a3"}
,"/Users/user/Practice/WATA/Sliceopolis/src/models/User.js": {"path":"/Users/user/Practice/WATA/Sliceopolis/src/models/User.js","statementMap":{"0":{"start":{"line":1,"column":17},"end":{"line":1,"column":36}},"1":{"start":{"line":2,"column":15},"end":{"line":2,"column":30}},"2":{"start":{"line":4,"column":19},"end":{"line":4,"column":111}},"3":{"start":{"line":5,"column":13},"end":{"line":29,"column":2}},"4":{"start":{"line":13,"column":16},"end":{"line":13,"column":37}},"5":{"start":{"line":15,"column":32},"end":{"line":15,"column":78}},"6":{"start":{"line":31,"column":0},"end":{"line":31,"column":46}}},"fnMap":{"0":{"name":"(anonymous_0)","decl":{"start":{"line":12,"column":23},"end":{"line":12,"column":24}},"loc":{"start":{"line":12,"column":36},"end":{"line":14,"column":13}},"line":12},"1":{"name":"(anonymous_1)","decl":{"start":{"line":15,"column":21},"end":{"line":15,"column":22}},"loc":{"start":{"line":15,"column":32},"end":{"line":15,"column":78}},"line":15}},"branchMap":{},"s":{"0":1,"1":1,"2":1,"3":1,"4":0,"5":0,"6":1},"f":{"0":0,"1":0},"b":{},"_coverageSchema":"1a1c01bbd47fc00a2c39e90264f33305004495a9","hash":"6dd61fceb136294540d367e1556bad12d4f48bfa"}
,"/Users/user/Practice/WATA/Sliceopolis/src/models/Voucher.js": {"path":"/Users/user/Practice/WATA/Sliceopolis/src/models/Voucher.js","statementMap":{"0":{"start":{"line":1,"column":17},"end":{"line":1,"column":36}},"1":{"start":{"line":2,"column":19},"end":{"line":2,"column":37}},"2":{"start":{"line":3,"column":15},"end":{"line":3,"column":30}},"3":{"start":{"line":4,"column":17},"end":{"line":4,"column":32}},"4":{"start":{"line":7,"column":16},"end":{"line":49,"column":2}},"5":{"start":{"line":31,"column":16},"end":{"line":31,"column":46}},"6":{"start":{"line":40,"column":16},"end":{"line":40,"column":42}},"7":{"start":{"line":51,"column":0},"end":{"line":51,"column":52}}},"fnMap":{"0":{"name":"(anonymous_0)","decl":{"start":{"line":30,"column":23},"end":{"line":30,"column":24}},"loc":{"start":{"line":30,"column":40},"end":{"line":32,"column":13}},"line":30},"1":{"name":"(anonymous_1)","decl":{"start":{"line":39,"column":23},"end":{"line":39,"column":24}},"loc":{"start":{"line":39,"column":40},"end":{"line":41,"column":13}},"line":39}},"branchMap":{},"s":{"0":1,"1":1,"2":1,"3":1,"4":1,"5":0,"6":0,"7":1},"f":{"0":0,"1":0},"b":{},"_coverageSchema":"1a1c01bbd47fc00a2c39e90264f33305004495a9","hash":"435d3deacc650c549195f08db4b82b99651ca333"}
,"/Users/user/Practice/WATA/Sliceopolis/src/routes/auth.router.js": {"path":"/Users/user/Practice/WATA/Sliceopolis/src/routes/auth.router.js","statementMap":{"0":{"start":{"line":1,"column":15},"end":{"line":1,"column":42}},"1":{"start":{"line":2,"column":26},"end":{"line":2,"column":67}},"2":{"start":{"line":4,"column":0},"end":{"line":4,"column":31}},"3":{"start":{"line":5,"column":0},"end":{"line":5,"column":28}},"4":{"start":{"line":7,"column":0},"end":{"line":7,"column":24}}},"fnMap":{},"branchMap":{},"s":{"0":1,"1":1,"2":1,"3":1,"4":1},"f":{},"b":{},"_coverageSchema":"1a1c01bbd47fc00a2c39e90264f33305004495a9","hash":"38860ab13222ad813b044ed166ee77d5fed832df"}
,"/Users/user/Practice/WATA/Sliceopolis/src/routes/home.router.js": {"path":"/Users/user/Practice/WATA/Sliceopolis/src/routes/home.router.js","statementMap":{"0":{"start":{"line":1,"column":16},"end":{"line":1,"column":34}},"1":{"start":{"line":2,"column":15},"end":{"line":2,"column":31}},"2":{"start":{"line":3,"column":15},"end":{"line":3,"column":58}},"3":{"start":{"line":4,"column":21},"end":{"line":4,"column":62}},"4":{"start":{"line":6,"column":0},"end":{"line":6,"column":37}},"5":{"start":{"line":8,"column":0},"end":{"line":8,"column":43}},"6":{"start":{"line":9,"column":0},"end":{"line":9,"column":24}}},"fnMap":{},"branchMap":{},"s":{"0":1,"1":1,"2":1,"3":1,"4":1,"5":1,"6":1},"f":{},"b":{},"_coverageSchema":"1a1c01bbd47fc00a2c39e90264f33305004495a9","hash":"44aa630b80391cc8e7b7e9c005432eada448648a"}
,"/Users/user/Practice/WATA/Sliceopolis/src/routes/index.js": {"path":"/Users/user/Practice/WATA/Sliceopolis/src/routes/index.js","statementMap":{"0":{"start":{"line":2,"column":19},"end":{"line":2,"column":43}},"1":{"start":{"line":3,"column":22},"end":{"line":3,"column":49}},"2":{"start":{"line":4,"column":22},"end":{"line":4,"column":49}},"3":{"start":{"line":5,"column":19},"end":{"line":5,"column":43}},"4":{"start":{"line":6,"column":20},"end":{"line":6,"column":45}},"5":{"start":{"line":8,"column":4},"end":{"line":8,"column":29}},"6":{"start":{"line":9,"column":4},"end":{"line":9,"column":40}},"7":{"start":{"line":10,"column":4},"end":{"line":10,"column":40}},"8":{"start":{"line":11,"column":4},"end":{"line":11,"column":33}},"9":{"start":{"line":12,"column":4},"end":{"line":12,"column":36}},"10":{"start":{"line":15,"column":0},"end":{"line":15,"column":23}}},"fnMap":{"0":{"name":"route","decl":{"start":{"line":7,"column":9},"end":{"line":7,"column":14}},"loc":{"start":{"line":7,"column":20},"end":{"line":13,"column":1}},"line":7}},"branchMap":{},"s":{"0":1,"1":1,"2":1,"3":1,"4":1,"5":1,"6":1,"7":1,"8":1,"9":1,"10":1},"f":{"0":1},"b":{},"_coverageSchema":"1a1c01bbd47fc00a2c39e90264f33305004495a9","hash":"c71f23b9afec2f9271a378121553e7e837595827"}
,"/Users/user/Practice/WATA/Sliceopolis/src/routes/order.router.js": {"path":"/Users/user/Practice/WATA/Sliceopolis/src/routes/order.router.js","statementMap":{"0":{"start":{"line":1,"column":16},"end":{"line":1,"column":34}},"1":{"start":{"line":2,"column":15},"end":{"line":2,"column":31}},"2":{"start":{"line":3,"column":27},"end":{"line":3,"column":71}},"3":{"start":{"line":5,"column":0},"end":{"line":5,"column":50}},"4":{"start":{"line":6,"column":0},"end":{"line":6,"column":54}},"5":{"start":{"line":8,"column":0},"end":{"line":8,"column":24}}},"fnMap":{},"branchMap":{},"s":{"0":1,"1":1,"2":1,"3":1,"4":1,"5":1},"f":{},"b":{},"_coverageSchema":"1a1c01bbd47fc00a2c39e90264f33305004495a9","hash":"8378e623b3b7b0eb1579e6ad1aa8a2d98e0e4faa"}
,"/Users/user/Practice/WATA/Sliceopolis/src/routes/product.router.js": {"path":"/Users/user/Practice/WATA/Sliceopolis/src/routes/product.router.js","statementMap":{"0":{"start":{"line":1,"column":16},"end":{"line":1,"column":34}},"1":{"start":{"line":2,"column":15},"end":{"line":2,"column":31}},"2":{"start":{"line":3,"column":27},"end":{"line":3,"column":71}},"3":{"start":{"line":5,"column":0},"end":{"line":5,"column":50}},"4":{"start":{"line":6,"column":0},"end":{"line":6,"column":54}},"5":{"start":{"line":8,"column":0},"end":{"line":8,"column":24}}},"fnMap":{},"branchMap":{},"s":{"0":1,"1":1,"2":1,"3":1,"4":1,"5":1},"f":{},"b":{},"_coverageSchema":"1a1c01bbd47fc00a2c39e90264f33305004495a9","hash":"f907875259877d2ec8336aeba10c261f315373e1"}
,"/Users/user/Practice/WATA/Sliceopolis/src/routes/voucher.router.js": {"path":"/Users/user/Practice/WATA/Sliceopolis/src/routes/voucher.router.js","statementMap":{"0":{"start":{"line":1,"column":16},"end":{"line":1,"column":34}},"1":{"start":{"line":2,"column":15},"end":{"line":2,"column":31}},"2":{"start":{"line":3,"column":27},"end":{"line":3,"column":71}},"3":{"start":{"line":5,"column":0},"end":{"line":5,"column":54}},"4":{"start":{"line":7,"column":0},"end":{"line":7,"column":24}}},"fnMap":{},"branchMap":{},"s":{"0":1,"1":1,"2":1,"3":1,"4":1},"f":{},"b":{},"_coverageSchema":"1a1c01bbd47fc00a2c39e90264f33305004495a9","hash":"e49475ce0264e1ef84518b6324d81a1784c2773a"}
,"/Users/user/Practice/WATA/Sliceopolis/src/services/auth.service.js": {"path":"/Users/user/Practice/WATA/Sliceopolis/src/services/auth.service.js","statementMap":{"0":{"start":{"line":1,"column":15},"end":{"line":1,"column":34}},"1":{"start":{"line":2,"column":12},"end":{"line":2,"column":35}},"2":{"start":{"line":6,"column":8},"end":{"line":6,"column":45}},"3":{"start":{"line":9,"column":8},"end":{"line":9,"column":58}},"4":{"start":{"line":12,"column":8},"end":{"line":12,"column":111}},"5":{"start":{"line":16,"column":0},"end":{"line":16,"column":28}}},"fnMap":{"0":{"name":"(anonymous_0)","decl":{"start":{"line":5,"column":4},"end":{"line":5,"column":5}},"loc":{"start":{"line":5,"column":27},"end":{"line":7,"column":5}},"line":5},"1":{"name":"(anonymous_1)","decl":{"start":{"line":8,"column":4},"end":{"line":8,"column":5}},"loc":{"start":{"line":8,"column":43},"end":{"line":10,"column":5}},"line":8},"2":{"name":"(anonymous_2)","decl":{"start":{"line":11,"column":4},"end":{"line":11,"column":5}},"loc":{"start":{"line":11,"column":24},"end":{"line":13,"column":5}},"line":11}},"branchMap":{},"s":{"0":1,"1":1,"2":0,"3":0,"4":0,"5":1},"f":{"0":0,"1":0,"2":0},"b":{},"_coverageSchema":"1a1c01bbd47fc00a2c39e90264f33305004495a9","hash":"2963aca4df67af20dd4dbb8cfd6543a0e2a1ab9a"}
,"/Users/user/Practice/WATA/Sliceopolis/src/services/product.service.js": {"path":"/Users/user/Practice/WATA/Sliceopolis/src/services/product.service.js","statementMap":{"0":{"start":{"line":1,"column":21},"end":{"line":1,"column":49}},"1":{"start":{"line":4,"column":20},"end":{"line":11,"column":5}},"2":{"start":{"line":5,"column":8},"end":{"line":10,"column":9}},"3":{"start":{"line":6,"column":25},"end":{"line":6,"column":52}},"4":{"start":{"line":7,"column":12},"end":{"line":7,"column":24}},"5":{"start":{"line":9,"column":12},"end":{"line":9,"column":24}},"6":{"start":{"line":12,"column":21},"end":{"line":20,"column":5}},"7":{"start":{"line":13,"column":8},"end":{"line":19,"column":9}},"8":{"start":{"line":14,"column":25},"end":{"line":14,"column":63}},"9":{"start":{"line":15,"column":12},"end":{"line":15,"column":30}},"10":{"start":{"line":16,"column":12},"end":{"line":16,"column":24}},"11":{"start":{"line":18,"column":12},"end":{"line":18,"column":24}},"12":{"start":{"line":23,"column":0},"end":{"line":23,"column":31}}},"fnMap":{"0":{"name":"(anonymous_0)","decl":{"start":{"line":4,"column":20},"end":{"line":4,"column":21}},"loc":{"start":{"line":4,"column":32},"end":{"line":11,"column":5}},"line":4},"1":{"name":"(anonymous_1)","decl":{"start":{"line":12,"column":21},"end":{"line":12,"column":22}},"loc":{"start":{"line":12,"column":35},"end":{"line":20,"column":5}},"line":12}},"branchMap":{},"s":{"0":1,"1":1,"2":1,"3":1,"4":1,"5":0,"6":1,"7":0,"8":0,"9":0,"10":0,"11":0,"12":1},"f":{"0":1,"1":0},"b":{},"_coverageSchema":"1a1c01bbd47fc00a2c39e90264f33305004495a9","hash":"01c4d3562ead0572f90839fea45af59e14436981"}
,"/Users/user/Practice/WATA/Sliceopolis/src/services/user.service.js": {"path":"/Users/user/Practice/WATA/Sliceopolis/src/services/user.service.js","statementMap":{"0":{"start":{"line":1,"column":13},"end":{"line":1,"column":38}},"1":{"start":{"line":4,"column":8},"end":{"line":9,"column":9}},"2":{"start":{"line":5,"column":26},"end":{"line":5,"column":39}},"3":{"start":{"line":6,"column":12},"end":{"line":6,"column":25}},"4":{"start":{"line":8,"column":12},"end":{"line":8,"column":24}},"5":{"start":{"line":12,"column":8},"end":{"line":17,"column":9}},"6":{"start":{"line":13,"column":32},"end":{"line":13,"column":60}},"7":{"start":{"line":14,"column":12},"end":{"line":14,"column":31}},"8":{"start":{"line":16,"column":12},"end":{"line":16,"column":24}},"9":{"start":{"line":20,"column":8},"end":{"line":25,"column":9}},"10":{"start":{"line":21,"column":32},"end":{"line":21,"column":50}},"11":{"start":{"line":22,"column":12},"end":{"line":22,"column":31}},"12":{"start":{"line":24,"column":12},"end":{"line":24,"column":24}},"13":{"start":{"line":28,"column":8},"end":{"line":33,"column":9}},"14":{"start":{"line":29,"column":28},"end":{"line":29,"column":45}},"15":{"start":{"line":30,"column":12},"end":{"line":30,"column":27}},"16":{"start":{"line":32,"column":12},"end":{"line":32,"column":24}},"17":{"start":{"line":37,"column":0},"end":{"line":37,"column":28}}},"fnMap":{"0":{"name":"(anonymous_0)","decl":{"start":{"line":3,"column":4},"end":{"line":3,"column":5}},"loc":{"start":{"line":3,"column":17},"end":{"line":10,"column":5}},"line":3},"1":{"name":"(anonymous_1)","decl":{"start":{"line":11,"column":4},"end":{"line":11,"column":5}},"loc":{"start":{"line":11,"column":20},"end":{"line":18,"column":5}},"line":11},"2":{"name":"(anonymous_2)","decl":{"start":{"line":19,"column":4},"end":{"line":19,"column":5}},"loc":{"start":{"line":19,"column":21},"end":{"line":26,"column":5}},"line":19},"3":{"name":"(anonymous_3)","decl":{"start":{"line":27,"column":4},"end":{"line":27,"column":5}},"loc":{"start":{"line":27,"column":21},"end":{"line":34,"column":5}},"line":27}},"branchMap":{},"s":{"0":1,"1":0,"2":0,"3":0,"4":0,"5":0,"6":0,"7":0,"8":0,"9":0,"10":0,"11":0,"12":0,"13":0,"14":0,"15":0,"16":0,"17":1},"f":{"0":0,"1":0,"2":0,"3":0},"b":{},"_coverageSchema":"1a1c01bbd47fc00a2c39e90264f33305004495a9","hash":"14be430f9765f416e45b3c32b578fde3f7b5dedc"}
,"/Users/user/Practice/WATA/Sliceopolis/src/services/voucher.service.js": {"path":"/Users/user/Practice/WATA/Sliceopolis/src/services/voucher.service.js","statementMap":{"0":{"start":{"line":1,"column":21},"end":{"line":1,"column":49}},"1":{"start":{"line":13,"column":21},"end":{"line":21,"column":5}},"2":{"start":{"line":14,"column":8},"end":{"line":20,"column":9}},"3":{"start":{"line":15,"column":25},"end":{"line":15,"column":63}},"4":{"start":{"line":16,"column":12},"end":{"line":16,"column":30}},"5":{"start":{"line":17,"column":12},"end":{"line":17,"column":24}},"6":{"start":{"line":19,"column":12},"end":{"line":19,"column":24}},"7":{"start":{"line":23,"column":0},"end":{"line":23,"column":31}}},"fnMap":{"0":{"name":"(anonymous_0)","decl":{"start":{"line":13,"column":21},"end":{"line":13,"column":22}},"loc":{"start":{"line":13,"column":35},"end":{"line":21,"column":5}},"line":13}},"branchMap":{},"s":{"0":1,"1":1,"2":0,"3":0,"4":0,"5":0,"6":0,"7":1},"f":{"0":0},"b":{},"_coverageSchema":"1a1c01bbd47fc00a2c39e90264f33305004495a9","hash":"8881aa8178553a2e28f90e88ecadec3b84caabca"}
,"/Users/user/Practice/WATA/Sliceopolis/src/utils/httpStatus.js": {"path":"/Users/user/Practice/WATA/Sliceopolis/src/utils/httpStatus.js","statementMap":{"0":{"start":{"line":1,"column":22},"end":{"line":1,"column":48}},"1":{"start":{"line":2,"column":20},"end":{"line":2,"column":44}},"2":{"start":{"line":4,"column":0},"end":{"line":4,"column":47}}},"fnMap":{},"branchMap":{},"s":{"0":1,"1":1,"2":1},"f":{},"b":{},"_coverageSchema":"1a1c01bbd47fc00a2c39e90264f33305004495a9","hash":"0d0dcefe3e9cf426b94851695f5d2a467cf5b02d"}
,"/Users/user/Practice/WATA/Sliceopolis/src/utils/pick.js": {"path":"/Users/user/Practice/WATA/Sliceopolis/src/utils/pick.js","statementMap":{"0":{"start":{"line":1,"column":10},"end":{"line":1,"column":27}},"1":{"start":{"line":3,"column":0},"end":{"line":5,"column":1}},"2":{"start":{"line":4,"column":2},"end":{"line":4,"column":32}}},"fnMap":{"0":{"name":"(anonymous_0)","decl":{"start":{"line":3,"column":17},"end":{"line":3,"column":18}},"loc":{"start":{"line":3,"column":48},"end":{"line":5,"column":1}},"line":3}},"branchMap":{"0":{"loc":{"start":{"line":3,"column":18},"end":{"line":3,"column":29}},"type":"default-arg","locations":[{"start":{"line":3,"column":27},"end":{"line":3,"column":29}}],"line":3},"1":{"loc":{"start":{"line":3,"column":31},"end":{"line":3,"column":43}},"type":"default-arg","locations":[{"start":{"line":3,"column":41},"end":{"line":3,"column":43}}],"line":3}},"s":{"0":1,"1":1,"2":0},"f":{"0":0},"b":{"0":[0],"1":[0]},"_coverageSchema":"1a1c01bbd47fc00a2c39e90264f33305004495a9","hash":"6670defa285365088f0d8ccd0c91c6d8e11f41a0"}
,"/Users/user/Practice/WATA/Sliceopolis/src/utils/reasonPhrases.js": {"path":"/Users/user/Practice/WATA/Sliceopolis/src/utils/reasonPhrases.js","statementMap":{"0":{"start":{"line":1,"column":0},"end":{"line":344,"column":1}}},"fnMap":{},"branchMap":{},"s":{"0":1},"f":{},"b":{},"_coverageSchema":"1a1c01bbd47fc00a2c39e90264f33305004495a9","hash":"c0e1f17014dddd65941968fb08f1a08b5fe7c89d"}
,"/Users/user/Practice/WATA/Sliceopolis/src/utils/statusCodes.js": {"path":"/Users/user/Practice/WATA/Sliceopolis/src/utils/statusCodes.js","statementMap":{"0":{"start":{"line":1,"column":0},"end":{"line":344,"column":1}}},"fnMap":{},"branchMap":{},"s":{"0":1},"f":{},"b":{},"_coverageSchema":"1a1c01bbd47fc00a2c39e90264f33305004495a9","hash":"d46e241b4fab8facc3d0e3ed0c98291902094f04"}
}
