{"/Users/user/Practice/WATA/Sliceopolis/src/app.js": {"path":"/Users/user/Practice/WATA/Sliceopolis/src/app.js","statementMap":{"0":{"start":{"line":1,"column":16},"end":{"line":1,"column":34}},"1":{"start":{"line":2,"column":21},"end":{"line":2,"column":45}},"2":{"start":{"line":3,"column":19},"end":{"line":3,"column":41}},"3":{"start":{"line":4,"column":13},"end":{"line":4,"column":28}},"4":{"start":{"line":5,"column":12},"end":{"line":5,"column":21}},"5":{"start":{"line":6,"column":11},"end":{"line":6,"column":33}},"6":{"start":{"line":7,"column":15},"end":{"line":7,"column":40}},"7":{"start":{"line":8,"column":0},"end":{"line":8,"column":27}},"8":{"start":{"line":10,"column":0},"end":{"line":10,"column":15}},"9":{"start":{"line":12,"column":0},"end":{"line":12,"column":51}},"10":{"start":{"line":13,"column":0},"end":{"line":13,"column":24}},"11":{"start":{"line":14,"column":0},"end":{"line":14,"column":27}},"12":{"start":{"line":15,"column":0},"end":{"line":15,"column":49}},"13":{"start":{"line":16,"column":0},"end":{"line":16,"column":24}},"14":{"start":{"line":18,"column":0},"end":{"line":18,"column":12}},"15":{"start":{"line":20,"column":0},"end":{"line":20,"column":21}}},"fnMap":{},"branchMap":{},"s":{"0":1,"1":1,"2":1,"3":1,"4":1,"5":1,"6":1,"7":1,"8":1,"9":1,"10":1,"11":1,"12":1,"13":1,"14":1,"15":1},"f":{},"b":{},"_coverageSchema":"1a1c01bbd47fc00a2c39e90264f33305004495a9","hash":"1cec600d76ae067fed22f2b965718e4841777474"}
,"/Users/user/Practice/WATA/Sliceopolis/src/config/db/index.js": {"path":"/Users/user/Practice/WATA/Sliceopolis/src/config/db/index.js","statementMap":{"0":{"start":{"line":1,"column":17},"end":{"line":1,"column":36}},"1":{"start":{"line":2,"column":0},"end":{"line":2,"column":27}},"2":{"start":{"line":4,"column":12},"end":{"line":4,"column":35}},"3":{"start":{"line":6,"column":18},"end":{"line":14,"column":1}},"4":{"start":{"line":7,"column":4},"end":{"line":13,"column":5}},"5":{"start":{"line":8,"column":8},"end":{"line":8,"column":36}},"6":{"start":{"line":11,"column":8},"end":{"line":11,"column":27}},"7":{"start":{"line":12,"column":8},"end":{"line":12,"column":24}},"8":{"start":{"line":15,"column":16},"end":{"line":23,"column":1}},"9":{"start":{"line":16,"column":4},"end":{"line":22,"column":5}},"10":{"start":{"line":17,"column":8},"end":{"line":17,"column":42}},"11":{"start":{"line":20,"column":8},"end":{"line":20,"column":66}},"12":{"start":{"line":21,"column":8},"end":{"line":21,"column":24}},"13":{"start":{"line":25,"column":0},"end":{"line":25,"column":40}}},"fnMap":{"0":{"name":"(anonymous_0)","decl":{"start":{"line":6,"column":18},"end":{"line":6,"column":19}},"loc":{"start":{"line":6,"column":30},"end":{"line":14,"column":1}},"line":6},"1":{"name":"(anonymous_1)","decl":{"start":{"line":15,"column":16},"end":{"line":15,"column":17}},"loc":{"start":{"line":15,"column":28},"end":{"line":23,"column":1}},"line":15}},"branchMap":{},"s":{"0":1,"1":1,"2":1,"3":1,"4":2,"5":2,"6":0,"7":0,"8":1,"9":1,"10":1,"11":0,"12":0,"13":1},"f":{"0":2,"1":1},"b":{},"_coverageSchema":"1a1c01bbd47fc00a2c39e90264f33305004495a9","hash":"74d3a7f597fb81867a935a07eb63834dce0d07e0"}
,"/Users/user/Practice/WATA/Sliceopolis/src/controllers/auth.controller.js": {"path":"/Users/user/Practice/WATA/Sliceopolis/src/controllers/auth.controller.js","statementMap":{"0":{"start":{"line":1,"column":13},"end":{"line":1,"column":48}},"1":{"start":{"line":2,"column":13},"end":{"line":2,"column":48}},"2":{"start":{"line":4,"column":15},"end":{"line":25,"column":1}},"3":{"start":{"line":5,"column":4},"end":{"line":24,"column":5}},"4":{"start":{"line":6,"column":64},"end":{"line":6,"column":72}},"5":{"start":{"line":8,"column":8},"end":{"line":10,"column":9}},"6":{"start":{"line":9,"column":12},"end":{"line":9,"column":76}},"7":{"start":{"line":11,"column":8},"end":{"line":13,"column":9}},"8":{"start":{"line":12,"column":12},"end":{"line":12,"column":60}},"9":{"start":{"line":14,"column":19},"end":{"line":14,"column":57}},"10":{"start":{"line":15,"column":8},"end":{"line":17,"column":9}},"11":{"start":{"line":16,"column":12},"end":{"line":16,"column":51}},"12":{"start":{"line":18,"column":8},"end":{"line":18,"column":47}},"13":{"start":{"line":19,"column":8},"end":{"line":19,"column":81}},"14":{"start":{"line":20,"column":8},"end":{"line":20,"column":78}},"15":{"start":{"line":22,"column":8},"end":{"line":22,"column":80}},"16":{"start":{"line":23,"column":8},"end":{"line":23,"column":20}},"17":{"start":{"line":27,"column":14},"end":{"line":46,"column":1}},"18":{"start":{"line":28,"column":4},"end":{"line":45,"column":5}},"19":{"start":{"line":29,"column":40},"end":{"line":29,"column":48}},"20":{"start":{"line":30,"column":21},"end":{"line":30,"column":59}},"21":{"start":{"line":31,"column":8},"end":{"line":33,"column":9}},"22":{"start":{"line":32,"column":12},"end":{"line":32,"column":46}},"23":{"start":{"line":34,"column":24},"end":{"line":34,"column":68}},"24":{"start":{"line":35,"column":8},"end":{"line":37,"column":9}},"25":{"start":{"line":36,"column":12},"end":{"line":36,"column":46}},"26":{"start":{"line":38,"column":22},"end":{"line":38,"column":46}},"27":{"start":{"line":39,"column":8},"end":{"line":39,"column":71}},"28":{"start":{"line":40,"column":8},"end":{"line":40,"column":80}},"29":{"start":{"line":41,"column":8},"end":{"line":41,"column":71}},"30":{"start":{"line":43,"column":8},"end":{"line":43,"column":80}},"31":{"start":{"line":44,"column":8},"end":{"line":44,"column":20}},"32":{"start":{"line":48,"column":0},"end":{"line":48,"column":35}}},"fnMap":{"0":{"name":"(anonymous_0)","decl":{"start":{"line":4,"column":15},"end":{"line":4,"column":16}},"loc":{"start":{"line":4,"column":41},"end":{"line":25,"column":1}},"line":4},"1":{"name":"(anonymous_1)","decl":{"start":{"line":27,"column":14},"end":{"line":27,"column":15}},"loc":{"start":{"line":27,"column":40},"end":{"line":46,"column":1}},"line":27}},"branchMap":{"0":{"loc":{"start":{"line":8,"column":8},"end":{"line":10,"column":9}},"type":"if","locations":[{"start":{"line":8,"column":8},"end":{"line":10,"column":9}},{"start":{},"end":{}}],"line":8},"1":{"loc":{"start":{"line":11,"column":8},"end":{"line":13,"column":9}},"type":"if","locations":[{"start":{"line":11,"column":8},"end":{"line":13,"column":9}},{"start":{},"end":{}}],"line":11},"2":{"loc":{"start":{"line":15,"column":8},"end":{"line":17,"column":9}},"type":"if","locations":[{"start":{"line":15,"column":8},"end":{"line":17,"column":9}},{"start":{},"end":{}}],"line":15},"3":{"loc":{"start":{"line":31,"column":8},"end":{"line":33,"column":9}},"type":"if","locations":[{"start":{"line":31,"column":8},"end":{"line":33,"column":9}},{"start":{},"end":{}}],"line":31},"4":{"loc":{"start":{"line":35,"column":8},"end":{"line":37,"column":9}},"type":"if","locations":[{"start":{"line":35,"column":8},"end":{"line":37,"column":9}},{"start":{},"end":{}}],"line":35}},"s":{"0":1,"1":1,"2":1,"3":0,"4":0,"5":0,"6":0,"7":0,"8":0,"9":0,"10":0,"11":0,"12":0,"13":0,"14":0,"15":0,"16":0,"17":1,"18":0,"19":0,"20":0,"21":0,"22":0,"23":0,"24":0,"25":0,"26":0,"27":0,"28":0,"29":0,"30":0,"31":0,"32":1},"f":{"0":0,"1":0},"b":{"0":[0,0],"1":[0,0],"2":[0,0],"3":[0,0],"4":[0,0]},"_coverageSchema":"1a1c01bbd47fc00a2c39e90264f33305004495a9","hash":"248c8f0c9bb7b1a7e8c42829aafbb4ad9358587c"}
,"/Users/user/Practice/WATA/Sliceopolis/src/controllers/home.controller.js": {"path":"/Users/user/Practice/WATA/Sliceopolis/src/controllers/home.controller.js","statementMap":{"0":{"start":{"line":1,"column":0},"end":{"line":4,"column":2}},"1":{"start":{"line":2,"column":4},"end":{"line":2,"column":25}},"2":{"start":{"line":3,"column":4},"end":{"line":3,"column":40}},"3":{"start":{"line":6,"column":0},"end":{"line":8,"column":2}},"4":{"start":{"line":7,"column":4},"end":{"line":7,"column":29}}},"fnMap":{"0":{"name":"(anonymous_0)","decl":{"start":{"line":1,"column":15},"end":{"line":1,"column":16}},"loc":{"start":{"line":1,"column":35},"end":{"line":4,"column":1}},"line":1},"1":{"name":"(anonymous_1)","decl":{"start":{"line":6,"column":16},"end":{"line":6,"column":17}},"loc":{"start":{"line":6,"column":36},"end":{"line":8,"column":1}},"line":6}},"branchMap":{},"s":{"0":1,"1":0,"2":0,"3":1,"4":0},"f":{"0":0,"1":0},"b":{},"_coverageSchema":"1a1c01bbd47fc00a2c39e90264f33305004495a9","hash":"621b2dd35ba36d0bf0580fc010d80957016236d6"}
,"/Users/user/Practice/WATA/Sliceopolis/src/controllers/models.controller.js": {"path":"/Users/user/Practice/WATA/Sliceopolis/src/controllers/models.controller.js","statementMap":{"0":{"start":{"line":1,"column":16},"end":{"line":1,"column":44}},"1":{"start":{"line":2,"column":14},"end":{"line":2,"column":40}},"2":{"start":{"line":3,"column":16},"end":{"line":3,"column":44}},"3":{"start":{"line":4,"column":14},"end":{"line":4,"column":40}},"4":{"start":{"line":5,"column":13},"end":{"line":5,"column":38}}},"fnMap":{},"branchMap":{},"s":{"0":1,"1":1,"2":1,"3":1,"4":1},"f":{},"b":{},"_coverageSchema":"1a1c01bbd47fc00a2c39e90264f33305004495a9","hash":"318e46d39605e3983cad2a801e4b208e17572331"}
,"/Users/user/Practice/WATA/Sliceopolis/src/controllers/product.controller.js": {"path":"/Users/user/Practice/WATA/Sliceopolis/src/controllers/product.controller.js","statementMap":{"0":{"start":{"line":1,"column":18},"end":{"line":1,"column":37}},"1":{"start":{"line":2,"column":23},"end":{"line":2,"column":61}},"2":{"start":{"line":4,"column":22},"end":{"line":11,"column":1}},"3":{"start":{"line":5,"column":4},"end":{"line":10,"column":5}},"4":{"start":{"line":6,"column":21},"end":{"line":6,"column":57}},"5":{"start":{"line":7,"column":8},"end":{"line":7,"column":30}},"6":{"start":{"line":9,"column":8},"end":{"line":9,"column":49}},"7":{"start":{"line":13,"column":23},"end":{"line":26,"column":1}},"8":{"start":{"line":14,"column":4},"end":{"line":25,"column":5}},"9":{"start":{"line":15,"column":23},"end":{"line":15,"column":33}},"10":{"start":{"line":16,"column":8},"end":{"line":16,"column":33}},"11":{"start":{"line":17,"column":21},"end":{"line":17,"column":60}},"12":{"start":{"line":18,"column":8},"end":{"line":19,"column":9}},"13":{"start":{"line":20,"column":8},"end":{"line":20,"column":35}},"14":{"start":{"line":21,"column":8},"end":{"line":21,"column":30}},"15":{"start":{"line":23,"column":8},"end":{"line":23,"column":32}},"16":{"start":{"line":24,"column":8},"end":{"line":24,"column":49}},"17":{"start":{"line":28,"column":0},"end":{"line":28,"column":51}}},"fnMap":{"0":{"name":"(anonymous_0)","decl":{"start":{"line":4,"column":22},"end":{"line":4,"column":23}},"loc":{"start":{"line":4,"column":48},"end":{"line":11,"column":1}},"line":4},"1":{"name":"(anonymous_1)","decl":{"start":{"line":13,"column":23},"end":{"line":13,"column":24}},"loc":{"start":{"line":13,"column":49},"end":{"line":26,"column":1}},"line":13}},"branchMap":{"0":{"loc":{"start":{"line":18,"column":8},"end":{"line":19,"column":9}},"type":"if","locations":[{"start":{"line":18,"column":8},"end":{"line":19,"column":9}},{"start":{},"end":{}}],"line":18}},"s":{"0":1,"1":1,"2":1,"3":3,"4":3,"5":2,"6":1,"7":1,"8":2,"9":2,"10":2,"11":2,"12":2,"13":2,"14":2,"15":0,"16":0,"17":1},"f":{"0":3,"1":2},"b":{"0":[1,1]},"_coverageSchema":"1a1c01bbd47fc00a2c39e90264f33305004495a9","hash":"b077453862e672b49041b19d4cce19fe24af31cb"}
,"/Users/user/Practice/WATA/Sliceopolis/src/controllers/voucher.controller.js": {"path":"/Users/user/Practice/WATA/Sliceopolis/src/controllers/voucher.controller.js","statementMap":{"0":{"start":{"line":1,"column":18},"end":{"line":1,"column":37}},"1":{"start":{"line":2,"column":23},"end":{"line":2,"column":61}},"2":{"start":{"line":4,"column":23},"end":{"line":14,"column":1}},"3":{"start":{"line":5,"column":4},"end":{"line":13,"column":5}},"4":{"start":{"line":6,"column":23},"end":{"line":6,"column":33}},"5":{"start":{"line":7,"column":21},"end":{"line":7,"column":60}},"6":{"start":{"line":8,"column":8},"end":{"line":8,"column":30}},"7":{"start":{"line":10,"column":8},"end":{"line":10,"column":55}},"8":{"start":{"line":11,"column":8},"end":{"line":11,"column":31}},"9":{"start":{"line":12,"column":8},"end":{"line":12,"column":20}},"10":{"start":{"line":16,"column":0},"end":{"line":16,"column":36}}},"fnMap":{"0":{"name":"(anonymous_0)","decl":{"start":{"line":4,"column":23},"end":{"line":4,"column":24}},"loc":{"start":{"line":4,"column":49},"end":{"line":14,"column":1}},"line":4}},"branchMap":{},"s":{"0":1,"1":1,"2":1,"3":0,"4":0,"5":0,"6":0,"7":0,"8":0,"9":0,"10":1},"f":{"0":0},"b":{},"_coverageSchema":"1a1c01bbd47fc00a2c39e90264f33305004495a9","hash":"99529b2719e6e9319018937d2895b8cf05705b0b"}
,"/Users/user/Practice/WATA/Sliceopolis/src/models/Order.js": {"path":"/Users/user/Practice/WATA/Sliceopolis/src/models/Order.js","statementMap":{"0":{"start":{"line":1,"column":17},"end":{"line":1,"column":36}},"1":{"start":{"line":2,"column":19},"end":{"line":2,"column":37}},"2":{"start":{"line":3,"column":15},"end":{"line":3,"column":30}},"3":{"start":{"line":4,"column":17},"end":{"line":4,"column":32}},"4":{"start":{"line":6,"column":14},"end":{"line":88,"column":2}},"5":{"start":{"line":15,"column":16},"end":{"line":19,"column":23}},"6":{"start":{"line":18,"column":24},"end":{"line":18,"column":45}},"7":{"start":{"line":64,"column":12},"end":{"line":68,"column":19}},"8":{"start":{"line":67,"column":20},"end":{"line":67,"column":40}},"9":{"start":{"line":78,"column":12},"end":{"line":82,"column":19}},"10":{"start":{"line":81,"column":20},"end":{"line":81,"column":44}},"11":{"start":{"line":89,"column":0},"end":{"line":89,"column":37}},"12":{"start":{"line":90,"column":0},"end":{"line":90,"column":43}},"13":{"start":{"line":91,"column":0},"end":{"line":91,"column":40}},"14":{"start":{"line":92,"column":0},"end":{"line":92,"column":48}}},"fnMap":{"0":{"name":"(anonymous_0)","decl":{"start":{"line":14,"column":21},"end":{"line":14,"column":22}},"loc":{"start":{"line":14,"column":33},"end":{"line":20,"column":13}},"line":14},"1":{"name":"(anonymous_1)","decl":{"start":{"line":17,"column":26},"end":{"line":17,"column":27}},"loc":{"start":{"line":17,"column":39},"end":{"line":19,"column":21}},"line":17},"2":{"name":"(anonymous_2)","decl":{"start":{"line":63,"column":17},"end":{"line":63,"column":18}},"loc":{"start":{"line":63,"column":29},"end":{"line":69,"column":9}},"line":63},"3":{"name":"(anonymous_3)","decl":{"start":{"line":66,"column":22},"end":{"line":66,"column":23}},"loc":{"start":{"line":66,"column":32},"end":{"line":68,"column":17}},"line":66},"4":{"name":"(anonymous_4)","decl":{"start":{"line":77,"column":17},"end":{"line":77,"column":18}},"loc":{"start":{"line":77,"column":29},"end":{"line":83,"column":9}},"line":77},"5":{"name":"(anonymous_5)","decl":{"start":{"line":80,"column":22},"end":{"line":80,"column":23}},"loc":{"start":{"line":80,"column":32},"end":{"line":82,"column":17}},"line":80}},"branchMap":{},"s":{"0":1,"1":1,"2":1,"3":1,"4":1,"5":0,"6":0,"7":0,"8":0,"9":0,"10":0,"11":1,"12":1,"13":1,"14":1},"f":{"0":0,"1":0,"2":0,"3":0,"4":0,"5":0},"b":{},"_coverageSchema":"1a1c01bbd47fc00a2c39e90264f33305004495a9","hash":"925606970321ff173fc46e262c700964142d4024"}
,"/Users/user/Practice/WATA/Sliceopolis/src/models/Product.js": {"path":"/Users/user/Practice/WATA/Sliceopolis/src/models/Product.js","statementMap":{"0":{"start":{"line":1,"column":17},"end":{"line":1,"column":36}},"1":{"start":{"line":2,"column":19},"end":{"line":2,"column":37}},"2":{"start":{"line":3,"column":15},"end":{"line":3,"column":30}},"3":{"start":{"line":4,"column":17},"end":{"line":4,"column":32}},"4":{"start":{"line":6,"column":16},"end":{"line":40,"column":2}},"5":{"start":{"line":42,"column":0},"end":{"line":42,"column":52}}},"fnMap":{},"branchMap":{},"s":{"0":1,"1":1,"2":1,"3":1,"4":1,"5":1},"f":{},"b":{},"_coverageSchema":"1a1c01bbd47fc00a2c39e90264f33305004495a9","hash":"c699e9fc9b96cb44cbb251aa70a279cbd3b6a307"}
,"/Users/user/Practice/WATA/Sliceopolis/src/models/Store.js": {"path":"/Users/user/Practice/WATA/Sliceopolis/src/models/Store.js","statementMap":{"0":{"start":{"line":1,"column":17},"end":{"line":1,"column":36}},"1":{"start":{"line":2,"column":19},"end":{"line":2,"column":37}},"2":{"start":{"line":3,"column":15},"end":{"line":3,"column":30}},"3":{"start":{"line":4,"column":17},"end":{"line":4,"column":32}},"4":{"start":{"line":7,"column":14},"end":{"line":18,"column":2}},"5":{"start":{"line":20,"column":0},"end":{"line":20,"column":48}}},"fnMap":{},"branchMap":{},"s":{"0":1,"1":1,"2":1,"3":1,"4":1,"5":1},"f":{},"b":{},"_coverageSchema":"1a1c01bbd47fc00a2c39e90264f33305004495a9","hash":"84b8319766ad1e11853a0d7a0fa6419c7d83d4a3"}
,"/Users/user/Practice/WATA/Sliceopolis/src/models/User.js": {"path":"/Users/user/Practice/WATA/Sliceopolis/src/models/User.js","statementMap":{"0":{"start":{"line":1,"column":17},"end":{"line":1,"column":36}},"1":{"start":{"line":2,"column":15},"end":{"line":2,"column":30}},"2":{"start":{"line":4,"column":19},"end":{"line":4,"column":111}},"3":{"start":{"line":5,"column":13},"end":{"line":29,"column":2}},"4":{"start":{"line":13,"column":16},"end":{"line":13,"column":37}},"5":{"start":{"line":15,"column":32},"end":{"line":15,"column":78}},"6":{"start":{"line":31,"column":0},"end":{"line":31,"column":46}}},"fnMap":{"0":{"name":"(anonymous_0)","decl":{"start":{"line":12,"column":23},"end":{"line":12,"column":24}},"loc":{"start":{"line":12,"column":36},"end":{"line":14,"column":13}},"line":12},"1":{"name":"(anonymous_1)","decl":{"start":{"line":15,"column":21},"end":{"line":15,"column":22}},"loc":{"start":{"line":15,"column":32},"end":{"line":15,"column":78}},"line":15}},"branchMap":{},"s":{"0":1,"1":1,"2":1,"3":1,"4":0,"5":0,"6":1},"f":{"0":0,"1":0},"b":{},"_coverageSchema":"1a1c01bbd47fc00a2c39e90264f33305004495a9","hash":"6dd61fceb136294540d367e1556bad12d4f48bfa"}
,"/Users/user/Practice/WATA/Sliceopolis/src/models/Voucher.js": {"path":"/Users/user/Practice/WATA/Sliceopolis/src/models/Voucher.js","statementMap":{"0":{"start":{"line":1,"column":17},"end":{"line":1,"column":36}},"1":{"start":{"line":2,"column":19},"end":{"line":2,"column":37}},"2":{"start":{"line":3,"column":15},"end":{"line":3,"column":30}},"3":{"start":{"line":4,"column":17},"end":{"line":4,"column":32}},"4":{"start":{"line":7,"column":16},"end":{"line":49,"column":2}},"5":{"start":{"line":31,"column":16},"end":{"line":31,"column":46}},"6":{"start":{"line":40,"column":16},"end":{"line":40,"column":42}},"7":{"start":{"line":51,"column":0},"end":{"line":51,"column":52}}},"fnMap":{"0":{"name":"(anonymous_0)","decl":{"start":{"line":30,"column":23},"end":{"line":30,"column":24}},"loc":{"start":{"line":30,"column":40},"end":{"line":32,"column":13}},"line":30},"1":{"name":"(anonymous_1)","decl":{"start":{"line":39,"column":23},"end":{"line":39,"column":24}},"loc":{"start":{"line":39,"column":40},"end":{"line":41,"column":13}},"line":39}},"branchMap":{},"s":{"0":1,"1":1,"2":1,"3":1,"4":1,"5":0,"6":0,"7":1},"f":{"0":0,"1":0},"b":{},"_coverageSchema":"1a1c01bbd47fc00a2c39e90264f33305004495a9","hash":"435d3deacc650c549195f08db4b82b99651ca333"}
,"/Users/user/Practice/WATA/Sliceopolis/src/routes/auth.router.js": {"path":"/Users/user/Practice/WATA/Sliceopolis/src/routes/auth.router.js","statementMap":{"0":{"start":{"line":1,"column":15},"end":{"line":1,"column":42}},"1":{"start":{"line":2,"column":26},"end":{"line":2,"column":67}},"2":{"start":{"line":4,"column":0},"end":{"line":4,"column":31}},"3":{"start":{"line":5,"column":0},"end":{"line":5,"column":28}},"4":{"start":{"line":7,"column":0},"end":{"line":7,"column":24}}},"fnMap":{},"branchMap":{},"s":{"0":1,"1":1,"2":1,"3":1,"4":1},"f":{},"b":{},"_coverageSchema":"1a1c01bbd47fc00a2c39e90264f33305004495a9","hash":"38860ab13222ad813b044ed166ee77d5fed832df"}
,"/Users/user/Practice/WATA/Sliceopolis/src/routes/home.router.js": {"path":"/Users/user/Practice/WATA/Sliceopolis/src/routes/home.router.js","statementMap":{"0":{"start":{"line":1,"column":16},"end":{"line":1,"column":34}},"1":{"start":{"line":2,"column":15},"end":{"line":2,"column":31}},"2":{"start":{"line":3,"column":15},"end":{"line":3,"column":58}},"3":{"start":{"line":4,"column":21},"end":{"line":4,"column":62}},"4":{"start":{"line":6,"column":0},"end":{"line":6,"column":37}},"5":{"start":{"line":8,"column":0},"end":{"line":8,"column":43}},"6":{"start":{"line":9,"column":0},"end":{"line":9,"column":24}}},"fnMap":{},"branchMap":{},"s":{"0":1,"1":1,"2":1,"3":1,"4":1,"5":1,"6":1},"f":{},"b":{},"_coverageSchema":"1a1c01bbd47fc00a2c39e90264f33305004495a9","hash":"44aa630b80391cc8e7b7e9c005432eada448648a"}
,"/Users/user/Practice/WATA/Sliceopolis/src/routes/index.js": {"path":"/Users/user/Practice/WATA/Sliceopolis/src/routes/index.js","statementMap":{"0":{"start":{"line":2,"column":19},"end":{"line":2,"column":43}},"1":{"start":{"line":3,"column":22},"end":{"line":3,"column":49}},"2":{"start":{"line":4,"column":22},"end":{"line":4,"column":49}},"3":{"start":{"line":5,"column":19},"end":{"line":5,"column":43}},"4":{"start":{"line":6,"column":20},"end":{"line":6,"column":45}},"5":{"start":{"line":8,"column":4},"end":{"line":8,"column":29}},"6":{"start":{"line":9,"column":4},"end":{"line":9,"column":40}},"7":{"start":{"line":10,"column":4},"end":{"line":10,"column":40}},"8":{"start":{"line":11,"column":4},"end":{"line":11,"column":33}},"9":{"start":{"line":12,"column":4},"end":{"line":12,"column":36}},"10":{"start":{"line":15,"column":0},"end":{"line":15,"column":23}}},"fnMap":{"0":{"name":"route","decl":{"start":{"line":7,"column":9},"end":{"line":7,"column":14}},"loc":{"start":{"line":7,"column":20},"end":{"line":13,"column":1}},"line":7}},"branchMap":{},"s":{"0":1,"1":1,"2":1,"3":1,"4":1,"5":1,"6":1,"7":1,"8":1,"9":1,"10":1},"f":{"0":1},"b":{},"_coverageSchema":"1a1c01bbd47fc00a2c39e90264f33305004495a9","hash":"c71f23b9afec2f9271a378121553e7e837595827"}
,"/Users/user/Practice/WATA/Sliceopolis/src/routes/order.router.js": {"path":"/Users/user/Practice/WATA/Sliceopolis/src/routes/order.router.js","statementMap":{"0":{"start":{"line":1,"column":16},"end":{"line":1,"column":34}},"1":{"start":{"line":2,"column":15},"end":{"line":2,"column":31}},"2":{"start":{"line":3,"column":27},"end":{"line":3,"column":71}},"3":{"start":{"line":5,"column":0},"end":{"line":5,"column":50}},"4":{"start":{"line":6,"column":0},"end":{"line":6,"column":54}},"5":{"start":{"line":8,"column":0},"end":{"line":8,"column":24}}},"fnMap":{},"branchMap":{},"s":{"0":1,"1":1,"2":1,"3":1,"4":1,"5":1},"f":{},"b":{},"_coverageSchema":"1a1c01bbd47fc00a2c39e90264f33305004495a9","hash":"8378e623b3b7b0eb1579e6ad1aa8a2d98e0e4faa"}
,"/Users/user/Practice/WATA/Sliceopolis/src/routes/product.router.js": {"path":"/Users/user/Practice/WATA/Sliceopolis/src/routes/product.router.js","statementMap":{"0":{"start":{"line":1,"column":16},"end":{"line":1,"column":34}},"1":{"start":{"line":2,"column":15},"end":{"line":2,"column":31}},"2":{"start":{"line":3,"column":27},"end":{"line":3,"column":71}},"3":{"start":{"line":5,"column":0},"end":{"line":5,"column":50}},"4":{"start":{"line":6,"column":0},"end":{"line":6,"column":54}},"5":{"start":{"line":8,"column":0},"end":{"line":8,"column":24}}},"fnMap":{},"branchMap":{},"s":{"0":1,"1":1,"2":1,"3":1,"4":1,"5":1},"f":{},"b":{},"_coverageSchema":"1a1c01bbd47fc00a2c39e90264f33305004495a9","hash":"f907875259877d2ec8336aeba10c261f315373e1"}
,"/Users/user/Practice/WATA/Sliceopolis/src/routes/voucher.router.js": {"path":"/Users/user/Practice/WATA/Sliceopolis/src/routes/voucher.router.js","statementMap":{"0":{"start":{"line":1,"column":16},"end":{"line":1,"column":34}},"1":{"start":{"line":2,"column":15},"end":{"line":2,"column":31}},"2":{"start":{"line":3,"column":27},"end":{"line":3,"column":71}},"3":{"start":{"line":5,"column":0},"end":{"line":5,"column":54}},"4":{"start":{"line":7,"column":0},"end":{"line":7,"column":24}}},"fnMap":{},"branchMap":{},"s":{"0":1,"1":1,"2":1,"3":1,"4":1},"f":{},"b":{},"_coverageSchema":"1a1c01bbd47fc00a2c39e90264f33305004495a9","hash":"e49475ce0264e1ef84518b6324d81a1784c2773a"}
,"/Users/user/Practice/WATA/Sliceopolis/src/services/auth.service.js": {"path":"/Users/user/Practice/WATA/Sliceopolis/src/services/auth.service.js","statementMap":{"0":{"start":{"line":1,"column":15},"end":{"line":1,"column":34}},"1":{"start":{"line":2,"column":12},"end":{"line":2,"column":35}},"2":{"start":{"line":6,"column":8},"end":{"line":6,"column":45}},"3":{"start":{"line":9,"column":8},"end":{"line":9,"column":58}},"4":{"start":{"line":12,"column":8},"end":{"line":12,"column":111}},"5":{"start":{"line":16,"column":0},"end":{"line":16,"column":28}}},"fnMap":{"0":{"name":"(anonymous_0)","decl":{"start":{"line":5,"column":4},"end":{"line":5,"column":5}},"loc":{"start":{"line":5,"column":27},"end":{"line":7,"column":5}},"line":5},"1":{"name":"(anonymous_1)","decl":{"start":{"line":8,"column":4},"end":{"line":8,"column":5}},"loc":{"start":{"line":8,"column":43},"end":{"line":10,"column":5}},"line":8},"2":{"name":"(anonymous_2)","decl":{"start":{"line":11,"column":4},"end":{"line":11,"column":5}},"loc":{"start":{"line":11,"column":24},"end":{"line":13,"column":5}},"line":11}},"branchMap":{},"s":{"0":1,"1":1,"2":0,"3":0,"4":0,"5":1},"f":{"0":0,"1":0,"2":0},"b":{},"_coverageSchema":"1a1c01bbd47fc00a2c39e90264f33305004495a9","hash":"2963aca4df67af20dd4dbb8cfd6543a0e2a1ab9a"}
,"/Users/user/Practice/WATA/Sliceopolis/src/services/product.service.js": {"path":"/Users/user/Practice/WATA/Sliceopolis/src/services/product.service.js","statementMap":{"0":{"start":{"line":1,"column":21},"end":{"line":1,"column":49}},"1":{"start":{"line":4,"column":20},"end":{"line":12,"column":5}},"2":{"start":{"line":5,"column":8},"end":{"line":11,"column":9}},"3":{"start":{"line":6,"column":25},"end":{"line":6,"column":52}},"4":{"start":{"line":7,"column":12},"end":{"line":7,"column":24}},"5":{"start":{"line":10,"column":12},"end":{"line":10,"column":24}},"6":{"start":{"line":13,"column":21},"end":{"line":17,"column":5}},"7":{"start":{"line":14,"column":21},"end":{"line":14,"column":59}},"8":{"start":{"line":16,"column":8},"end":{"line":16,"column":20}},"9":{"start":{"line":20,"column":0},"end":{"line":20,"column":31}}},"fnMap":{"0":{"name":"(anonymous_0)","decl":{"start":{"line":4,"column":20},"end":{"line":4,"column":21}},"loc":{"start":{"line":4,"column":32},"end":{"line":12,"column":5}},"line":4},"1":{"name":"(anonymous_1)","decl":{"start":{"line":13,"column":21},"end":{"line":13,"column":22}},"loc":{"start":{"line":13,"column":35},"end":{"line":17,"column":5}},"line":13}},"branchMap":{},"s":{"0":1,"1":1,"2":1,"3":1,"4":1,"5":0,"6":1,"7":0,"8":0,"9":1},"f":{"0":1,"1":0},"b":{},"_coverageSchema":"1a1c01bbd47fc00a2c39e90264f33305004495a9","hash":"5ce048033444b2b214027e9c505af0a13574e8ba"}
,"/Users/user/Practice/WATA/Sliceopolis/src/services/user.service.js": {"path":"/Users/user/Practice/WATA/Sliceopolis/src/services/user.service.js","statementMap":{"0":{"start":{"line":1,"column":13},"end":{"line":1,"column":38}},"1":{"start":{"line":4,"column":8},"end":{"line":9,"column":9}},"2":{"start":{"line":5,"column":26},"end":{"line":5,"column":39}},"3":{"start":{"line":6,"column":12},"end":{"line":6,"column":25}},"4":{"start":{"line":8,"column":12},"end":{"line":8,"column":24}},"5":{"start":{"line":12,"column":8},"end":{"line":17,"column":9}},"6":{"start":{"line":13,"column":32},"end":{"line":13,"column":60}},"7":{"start":{"line":14,"column":12},"end":{"line":14,"column":31}},"8":{"start":{"line":16,"column":12},"end":{"line":16,"column":24}},"9":{"start":{"line":20,"column":8},"end":{"line":25,"column":9}},"10":{"start":{"line":21,"column":32},"end":{"line":21,"column":50}},"11":{"start":{"line":22,"column":12},"end":{"line":22,"column":31}},"12":{"start":{"line":24,"column":12},"end":{"line":24,"column":24}},"13":{"start":{"line":28,"column":8},"end":{"line":33,"column":9}},"14":{"start":{"line":29,"column":28},"end":{"line":29,"column":45}},"15":{"start":{"line":30,"column":12},"end":{"line":30,"column":27}},"16":{"start":{"line":32,"column":12},"end":{"line":32,"column":24}},"17":{"start":{"line":37,"column":0},"end":{"line":37,"column":28}}},"fnMap":{"0":{"name":"(anonymous_0)","decl":{"start":{"line":3,"column":4},"end":{"line":3,"column":5}},"loc":{"start":{"line":3,"column":17},"end":{"line":10,"column":5}},"line":3},"1":{"name":"(anonymous_1)","decl":{"start":{"line":11,"column":4},"end":{"line":11,"column":5}},"loc":{"start":{"line":11,"column":20},"end":{"line":18,"column":5}},"line":11},"2":{"name":"(anonymous_2)","decl":{"start":{"line":19,"column":4},"end":{"line":19,"column":5}},"loc":{"start":{"line":19,"column":21},"end":{"line":26,"column":5}},"line":19},"3":{"name":"(anonymous_3)","decl":{"start":{"line":27,"column":4},"end":{"line":27,"column":5}},"loc":{"start":{"line":27,"column":21},"end":{"line":34,"column":5}},"line":27}},"branchMap":{},"s":{"0":1,"1":0,"2":0,"3":0,"4":0,"5":0,"6":0,"7":0,"8":0,"9":0,"10":0,"11":0,"12":0,"13":0,"14":0,"15":0,"16":0,"17":1},"f":{"0":0,"1":0,"2":0,"3":0},"b":{},"_coverageSchema":"1a1c01bbd47fc00a2c39e90264f33305004495a9","hash":"14be430f9765f416e45b3c32b578fde3f7b5dedc"}
,"/Users/user/Practice/WATA/Sliceopolis/src/services/voucher.service.js": {"path":"/Users/user/Practice/WATA/Sliceopolis/src/services/voucher.service.js","statementMap":{"0":{"start":{"line":1,"column":21},"end":{"line":1,"column":49}},"1":{"start":{"line":13,"column":21},"end":{"line":22,"column":5}},"2":{"start":{"line":14,"column":8},"end":{"line":21,"column":9}},"3":{"start":{"line":15,"column":25},"end":{"line":15,"column":63}},"4":{"start":{"line":16,"column":12},"end":{"line":16,"column":30}},"5":{"start":{"line":17,"column":12},"end":{"line":17,"column":24}},"6":{"start":{"line":19,"column":12},"end":{"line":19,"column":59}},"7":{"start":{"line":20,"column":12},"end":{"line":20,"column":24}},"8":{"start":{"line":24,"column":0},"end":{"line":24,"column":31}}},"fnMap":{"0":{"name":"(anonymous_0)","decl":{"start":{"line":13,"column":21},"end":{"line":13,"column":22}},"loc":{"start":{"line":13,"column":35},"end":{"line":22,"column":5}},"line":13}},"branchMap":{},"s":{"0":1,"1":1,"2":0,"3":0,"4":0,"5":0,"6":0,"7":0,"8":1},"f":{"0":0},"b":{},"_coverageSchema":"1a1c01bbd47fc00a2c39e90264f33305004495a9","hash":"64439d7733449aad94d59a54e7d2a16837b15967"}
}
